Installing ChromeDriver...
Using ChromeDriver from: /root/.wdm/drivers/chromedriver/linux64/133.0.6943.141/chromedriver-linux64/chromedriver
Selenium-stealth applied
Attempt 1/3
Opening the website directly in English...
Navigating to https://prenotami.esteri.it/?lang=en-GB with 30 second timeout...
Accessing login page...
Looking for email field...
Found email field, filling form...
Looking for password field...
Form filled, saved screenshot
Attempting to click login button...
Clicked button using JavaScript
Login attempt completed, saved screenshot
Cookies saved to artifacts/prenotami_cookies_attempt_0.json
Navigating to the main Services page...
Navigating to https://prenotami.esteri.it/Services with 30 second timeout...
Services page accessed, saved screenshot
Navigating to the first booking service page (1151)...
Navigating to https://prenotami.esteri.it/Services/Booking/1151 with 30 second timeout...
Timeout or error accessing https://prenotami.esteri.it/Services/Booking/1151: Message: timeout: Timed out receiving message from renderer: -0.006
  (Session info: chrome=133.0.6943.53)
Stacktrace:
#0 0x55b5000a214a <unknown>
#1 0x55b4ffb3fb80 <unknown>
#2 0x55b4ffb26d3d <unknown>
#3 0x55b4ffb26a1f <unknown>
#4 0x55b4ffb24762 <unknown>
#5 0x55b4ffb2519f <unknown>
#6 0x55b4ffb34b5b <unknown>
#7 0x55b4ffb4db5f <unknown>
#8 0x55b4ffb5427b <unknown>
#9 0x55b4ffb258b0 <unknown>
#10 0x55b4ffb4d9cd <unknown>
#11 0x55b4ffbdd016 <unknown>
#12 0x55b4ffbb6ca3 <unknown>
#13 0x55b4ffb82f08 <unknown>
#14 0x55b4ffb84071 <unknown>
#15 0x55b50006bb5b <unknown>
#16 0x55b50006fae2 <unknown>
#17 0x55b500057967 <unknown>
#18 0x55b5000706d4 <unknown>
#19 0x55b50003bc7f <unknown>
#20 0x55b500090cd8 <unknown>
#21 0x55b500090ea9 <unknown>
#22 0x55b5000a0fc6 <unknown>
#23 0x7fc1afa40ac3 <unknown>

Booking page 1151 timed out, logging out and retrying...
Attempting to logout...
Navigating to https://prenotami.esteri.it/Account/LogOff with 15 second timeout...
Logout successful
Attempt 2/3
Refreshing session after timeout...
Installing ChromeDriver...
Using ChromeDriver from: /root/.wdm/drivers/chromedriver/linux64/133.0.6943.141/chromedriver-linux64/chromedriver
Selenium-stealth applied
Browser session refreshed successfully
Opening the website directly in English...
Navigating to https://prenotami.esteri.it/?lang=en-GB with 30 second timeout...
Accessing login page...
Looking for email field...
Found email field, filling form...
Looking for password field...
Form filled, saved screenshot
Attempting to click login button...
Clicked button using JavaScript
Login attempt completed, saved screenshot
Cookies saved to artifacts/prenotami_cookies_attempt_1.json
Navigating to the main Services page...
Navigating to https://prenotami.esteri.it/Services with 30 second timeout...
Services page accessed, saved screenshot
Navigating to the first booking service page (1151)...
Navigating to https://prenotami.esteri.it/Services/Booking/1151 with 30 second timeout...
Timeout or error accessing https://prenotami.esteri.it/Services/Booking/1151: Message: timeout: Timed out receiving message from renderer: -0.009
  (Session info: chrome=133.0.6943.53)
Stacktrace:
#0 0x5600e281c14a <unknown>
#1 0x5600e22b9b80 <unknown>
#2 0x5600e22a0d3d <unknown>
#3 0x5600e22a0a1f <unknown>
#4 0x5600e229e762 <unknown>
#5 0x5600e229f19f <unknown>
#6 0x5600e22aeb5b <unknown>
#7 0x5600e22c7b5f <unknown>
#8 0x5600e22ce27b <unknown>
#9 0x5600e229f8b0 <unknown>
#10 0x5600e22c79cd <unknown>
#11 0x5600e2357016 <unknown>
#12 0x5600e2330ca3 <unknown>
#13 0x5600e22fcf08 <unknown>
#14 0x5600e22fe071 <unknown>
#15 0x5600e27e5b5b <unknown>
#16 0x5600e27e9ae2 <unknown>
#17 0x5600e27d1967 <unknown>
#18 0x5600e27ea6d4 <unknown>
#19 0x5600e27b5c7f <unknown>
#20 0x5600e280acd8 <unknown>
#21 0x5600e280aea9 <unknown>
#22 0x5600e281afc6 <unknown>
#23 0x7f9e40ff5ac3 <unknown>

Booking page 1151 timed out, logging out and retrying...
Attempting to logout...
Navigating to https://prenotami.esteri.it/Account/LogOff with 15 second timeout...
Logout successful
Attempt 3/3
Refreshing session after timeout...
Installing ChromeDriver...
Using ChromeDriver from: /root/.wdm/drivers/chromedriver/linux64/133.0.6943.141/chromedriver-linux64/chromedriver
Selenium-stealth applied
Browser session refreshed successfully
Opening the website directly in English...
Navigating to https://prenotami.esteri.it/?lang=en-GB with 30 second timeout...
Accessing login page...
Looking for email field...
Found email field, filling form...
Looking for password field...
Form filled, saved screenshot
Attempting to click login button...
Clicked button using JavaScript
Login attempt completed, saved screenshot
Cookies saved to artifacts/prenotami_cookies_attempt_2.json
Navigating to the main Services page...
Navigating to https://prenotami.esteri.it/Services with 30 second timeout...
Services page accessed, saved screenshot
Navigating to the first booking service page (1151)...
Navigating to https://prenotami.esteri.it/Services/Booking/1151 with 30 second timeout...
Timeout or error accessing https://prenotami.esteri.it/Services/Booking/1151: Message: timeout: Timed out receiving message from renderer: -0.009
  (Session info: chrome=133.0.6943.53)
Stacktrace:
#0 0x55637fbf314a <unknown>
#1 0x55637f690b80 <unknown>
#2 0x55637f677d3d <unknown>
#3 0x55637f677a1f <unknown>
#4 0x55637f675762 <unknown>
#5 0x55637f67619f <unknown>
#6 0x55637f685b5b <unknown>
#7 0x55637f69eb5f <unknown>
#8 0x55637f6a527b <unknown>
#9 0x55637f6768b0 <unknown>
#10 0x55637f69e9cd <unknown>
#11 0x55637f72e016 <unknown>
#12 0x55637f707ca3 <unknown>
#13 0x55637f6d3f08 <unknown>
#14 0x55637f6d5071 <unknown>
#15 0x55637fbbcb5b <unknown>
#16 0x55637fbc0ae2 <unknown>
#17 0x55637fba8967 <unknown>
#18 0x55637fbc16d4 <unknown>
#19 0x55637fb8cc7f <unknown>
#20 0x55637fbe1cd8 <unknown>
#21 0x55637fbe1ea9 <unknown>
#22 0x55637fbf1fc6 <unknown>
#23 0x7fbbab58cac3 <unknown>

Booking page 1151 timed out, logging out and retrying...
Attempting to logout...
Navigating to https://prenotami.esteri.it/Account/LogOff with 15 second timeout...
Logout successful
