Installing ChromeDriver...
Using ChromeDriver from: /root/.wdm/drivers/chromedriver/linux64/133.0.6943.141/chromedriver-linux64/chromedriver
Selenium-stealth applied
Attempt 1/3
Opening the website directly in English...
Navigating to https://prenotami.esteri.it/?lang=en-GB with 30 second timeout...
Accessing login page...
Looking for email field...
Found email field, filling form...
Looking for password field...
Form filled, saved screenshot
Attempting to click login button...
Clicked button using JavaScript
Login attempt completed, saved screenshot
Cookies saved to artifacts/prenotami_cookies_attempt_0.json
Navigating to the main Services page...
Navigating to https://prenotami.esteri.it/Services with 30 second timeout...
Services page accessed, saved screenshot
Navigating to the first booking service page (1151)...
Navigating to https://prenotami.esteri.it/Services/Booking/1151 with 30 second timeout...
RESULT: No appointments available for service 1151 - all slots are booked.
Trying alternative booking service page (1258)...
Navigating to https://prenotami.esteri.it/Services/Booking/1258 with 30 second timeout...
RESULT: No appointments available for service 1258 either - all slots are booked.
